<?xml version="1.0" encoding="UTF-8"?>
<!-- Generated by org.testng.reporters.JUnitReportReporter -->
<testsuite hostname="IND-WS-00089" failures="0" tests="3" name="com.serialize.test.RestApiTest" time="4.904" errors="0" timestamp="2021-06-27T14:09:44 IST" skipped="0">
  <testcase classname="com.serialize.test.RestApiTest" name="createResource" time="2.515"/>
  <system-out/>
  <testcase classname="com.serialize.test.RestApiTest" name="createResource" time="0.664"/>
  <system-out/>
  <testcase classname="com.serialize.test.RestApiTest" name="deleteResource" time="1.725"/>
  <system-out/>
</testsuite> <!-- com.serialize.test.RestApiTest -->
