<?xml version="1.0" encoding="UTF-8"?>
<!-- Generated by org.testng.reporters.JUnitReportReporter -->
<testsuite hostname="IND-WS-00089" failures="0" tests="3" name="com.serialize.test.RestApiTest" time="4.335" errors="0" timestamp="2021-06-27T23:03:24 IST" skipped="0">
  <testcase classname="com.serialize.test.RestApiTest" name="deleteResource" time="0.726"/>
  <system-out/>
  <testcase classname="com.serialize.test.RestApiTest" name="createResource" time="2.870"/>
  <system-out/>
  <testcase classname="com.serialize.test.RestApiTest" name="createResource" time="0.739"/>
  <system-out/>
</testsuite> <!-- com.serialize.test.RestApiTest -->
